ud851-Exercises/Lesson10-Hydration-Reminder/T10.02-Solution-CreateNotification/app/build/intermediates/manifest_merge_blame_file/debug/manifest-merger-blame-debug-report.txt
1<?xml version="1.0" encoding="utf-8"?>
2<manifest xmlns:android="http://schemas.android.com/apk/res/android"
3    package="com.example.android.background"
4    android:versionCode="1"
5    android:versionName="1.0" >
6
7    <uses-sdk
8        android:minSdkVersion="14"
8-->src/main/AndroidManifest.xml
9        android:targetSdkVersion="26" />
9-->src/main/AndroidManifest.xml
10    <!-- COMPLETED (13) Add the VIBRATE permission -->
11    <uses-permission android:name="android.permission.VIBRATE" />
11-->src/main/AndroidManifest.xml:5:5-66
11-->src/main/AndroidManifest.xml:5:22-63
12
13    <application
13-->src/main/AndroidManifest.xml:6:5-30:19
14        android:allowBackup="true"
14-->src/main/AndroidManifest.xml:7:9-35
15        android:appComponentFactory="android.support.v4.app.CoreComponentFactory"
15-->[com.android.support:support-compat:28.0.0] AndroidManifest.xml:22:18-91
16        android:debuggable="true"
17        android:icon="@mipmap/ic_launcher"
17-->src/main/AndroidManifest.xml:8:9-43
18        android:label="@string/app_name"
18-->src/main/AndroidManifest.xml:9:9-41
19        android:supportsRtl="true"
19-->src/main/AndroidManifest.xml:10:9-35
20        android:testOnly="true"
21        android:theme="@style/AppTheme" >
21-->src/main/AndroidManifest.xml:11:9-40
22
23        <!--
24        COMPLETED (16) Add the launch mode "single top" attribute to the MainActivity so that when you open
25        MainActivity using a notification, it will take you back to the already opened activity, not
26        generate a new one
27        -->
28        <activity
28-->src/main/AndroidManifest.xml:15:9-24:20
29            android:name="com.example.android.background.MainActivity"
29-->src/main/AndroidManifest.xml:16:13-41
30            android:launchMode="singleTop"
30-->src/main/AndroidManifest.xml:17:13-43
31            android:screenOrientation="portrait" >
31-->src/main/AndroidManifest.xml:18:13-49
32            <intent-filter>
32-->src/main/AndroidManifest.xml:19:13-23:29
33                <action android:name="android.intent.action.MAIN" />
33-->src/main/AndroidManifest.xml:20:17-68
33-->src/main/AndroidManifest.xml:20:25-66
34
35                <category android:name="android.intent.category.LAUNCHER" />
35-->src/main/AndroidManifest.xml:22:17-76
35-->src/main/AndroidManifest.xml:22:27-74
36            </intent-filter>
37        </activity>
38
39        <!-- This is required for immediate syncs -->
40        <service
40-->src/main/AndroidManifest.xml:27:9-29:39
41            android:name="com.example.android.background.sync.WaterReminderIntentService"
41-->src/main/AndroidManifest.xml:28:13-60
42            android:exported="false" />
42-->src/main/AndroidManifest.xml:29:13-37
43    </application>
44
45</manifest>